[2025-05-20 03:08:40] Employee ID: 313, Email: laura.bennett@company.com, Password: lben01!
[2025-05-20 03:08:40] Employee ID: 314, Email: james.wilson@company.com, Password: jwil15!
[2025-05-20 03:08:40] Employee ID: 315, Email: emily.clark@company.com, Password: ecla01!
[2025-05-20 03:08:40] Employee ID: 316, Email: sarah.miller@company.com, Password: smil01!
[2025-05-20 03:08:40] Employee ID: 317, Email: david.lee@company.com, Password: dlee01!
[2025-05-20 03:08:40] Employee ID: 318, Email: michael.taylor@company.com, Password: mtay15!
[2025-05-20 03:08:41] Employee ID: 319, Email: anna.white@company.com, Password: awhi01!
[2025-05-20 03:08:41] Employee ID: 320, Email: robert.adams@company.com, Password: rada01!
[2025-05-20 03:08:41] Employee ID: 321, Email: lisa.moore@company.com, Password: lmoo01!
[2025-05-20 03:08:41] Employee ID: 322, Email: thomas.brown@company.com, Password: tbro01!
[2025-05-20 03:08:41] Employee ID: 323, Email: elizabeth.scott@company.com, Password: esco01!
[2025-05-20 03:08:41] Employee ID: 324, Email: mark.johnson@company.com, Password: mjoh01!
[2025-05-20 03:08:41] Employee ID: 325, Email: jessica.green@company.com, Password: jgre01!
[2025-05-20 03:08:41] Employee ID: 326, Email: steven.hall@company.com, Password: shal01!
[2025-05-20 03:08:41] Employee ID: 327, Email: nancy.lewis@company.com, Password: nlew01!
[2025-05-20 03:08:41] Employee ID: 328, Email: daniel.king@company.com, Password: dkin15!
[2025-05-20 03:08:41] Employee ID: 329, Email: sophia.walker@company.com, Password: swal01!
[2025-05-20 03:08:42] Employee ID: 330, Email: paul.young@company.com, Password: pyou01!
[2025-05-20 03:08:42] Employee ID: 331, Email: maria.hernandez@company.com, Password: mher01!
[2025-05-20 03:08:42] Employee ID: 332, Email: charles.perez@company.com, Password: cper01!
[2025-05-20 03:08:42] Employee ID: 333, Email: amanda.reed@company.com, Password: aree01!
[2025-05-20 03:08:42] Employee ID: 334, Email: john.garcia@company.com, Password: jgar01!
[2025-05-20 03:08:42] Employee ID: 335, Email: rebecca.taylor@company.com, Password: rtay01!
[2025-05-20 03:08:42] Employee ID: 336, Email: kevin.allen@company.com, Password: kall01!
[2025-05-20 03:08:42] Employee ID: 337, Email: julia.smith@company.com, Password: jsmi15!
[2025-05-20 03:08:42] Employee ID: 338, Email: richard.gonzalez@company.com, Password: rgon15!
[2025-05-20 03:08:42] Employee ID: 339, Email: emma.thompson@company.com, Password: etho01!
[2025-05-20 03:08:42] Employee ID: 340, Email: george.martinez@company.com, Password: gmar01!
[2025-05-20 03:08:43] Employee ID: 341, Email: clara.robinson@company.com, Password: crob01!
[2025-05-20 03:08:43] Employee ID: 342, Email: oliver.lopez@company.com, Password: olop01!
[2025-05-20 03:08:43] Employee ID: 343, Email: linda.hill@company.com, Password: lhil01!
[2025-05-20 03:08:43] Employee ID: 344, Email: andrew.collins@company.com, Password: acol01!
[2025-05-20 03:08:43] Employee ID: 345, Email: megan.lewis@company.com, Password: mlew01!
[2025-05-20 03:08:43] Employee ID: 346, Email: brian.nelson@company.com, Password: bnel01!
[2025-05-20 03:08:43] Employee ID: 347, Email: grace.stewart@company.com, Password: gste01!
[2025-05-20 03:08:43] Employee ID: 348, Email: henry.cooper@company.com, Password: hcoo01!
[2025-05-20 03:08:43] Employee ID: 349, Email: isabella.foster@company.com, Password: ifos01!
[2025-05-20 03:08:43] Employee ID: 350, Email: ethan.phillips@company.com, Password: ephi01!
[2025-05-20 03:08:43] Employee ID: 351, Email: chloe.brooks@company.com, Password: cbro01!
[2025-05-20 03:08:44] Employee ID: 352, Email: samuel.perry@company.com, Password: sper01!
[2025-05-20 03:08:44] Employee ID: 353, Email: patricia.bell@company.com, Password: pbel01!
[2025-05-20 03:08:44] Employee ID: 354, Email: edward.gray@company.com, Password: egra01!
[2025-05-20 03:08:44] Employee ID: 355, Email: lillian.carter@company.com, Password: lcar01!
[2025-05-20 03:08:44] Employee ID: 356, Email: joseph.murphy@company.com, Password: jmur01!
[2025-05-20 03:08:44] Employee ID: 357, Email: alice.price@company.com, Password: apri01!
[2025-05-20 03:08:44] Employee ID: 358, Email: william.edwards@company.com, Password: wedw01!
[2025-05-20 03:08:44] Employee ID: 359, Email: natalie.watson@company.com, Password: nwat15!
[2025-05-20 03:08:44] Employee ID: 360, Email: david.bailey@company.com, Password: dbai01!
[2025-05-20 03:08:44] Employee ID: 361, Email: sophie.long@company.com, Password: slon15!
[2025-05-20 03:08:44] Employee ID: 362, Email: lucas.fisher@company.com, Password: lfis01!
